<?xml version="1.0" encoding="UTF-8"?>
<!-- Generated by org.testng.reporters.JUnitReportReporter -->
<testsuite hostname="5410-TI12927" failures="0" tests="1" name="automation_task.AutomationTask" time="111.849" errors="0" timestamp="2021-11-03T21:43:51 IST" skipped="0">
  <testcase classname="automation_task.AutomationTask" name="automation_task" time="111.849"/>
  <system-out/>
</testsuite> <!-- automation_task.AutomationTask -->
